Using pre-set license
Built from '2020.3/staging' branch; Version is '2020.3.13f1 (71691879b7f5) revision 7432472'; Using compiler version '192528614'; Build Type 'Release'
OS: 'Windows 10 Pro; OS build 19043.1110; Version 2009; 64bit' Language: 'en' Physical Memory: 16335 MB
BatchMode: 1, IsHumanControllingUs: 0, StartBugReporterOnCrash: 0, Is64bit: 1, IsPro: 0

 COMMAND LINE ARGUMENTS:
C:\Program Files\Unity\Hub\Editor\2020.3.13f1\Editor\Unity.exe
-adb2
-batchMode
-noUpm
-name
AssetImportWorker0
-projectPath
C:/Users/VRguy/Documents/GitHub/VRJam21
-logFile
Logs/AssetImportWorker0.log
-srvPort
50616
Successfully changed project path to: C:/Users/VRguy/Documents/GitHub/VRJam21
C:/Users/VRguy/Documents/GitHub/VRJam21
Using Asset Import Pipeline V2.
Refreshing native plugins compatible for Editor in 99.87 ms, found 16 plugins.
Preloading 2 native plugins for Editor in 2.23 ms.
Initialize engine version: 2020.3.13f1 (71691879b7f5)
[Subsystems] Discovering subsystems at path C:/Program Files/Unity/Hub/Editor/2020.3.13f1/Editor/Data/Resources/UnitySubsystems
[Subsystems] Discovering subsystems at path C:/Users/VRguy/Documents/GitHub/VRJam21/Assets
GfxDevice: creating device client; threaded=0
Direct3D:
    Version:  Direct3D 11.0 [level 11.1]
    Renderer: NVIDIA GeForce GTX 1080 (ID=0x1b80)
    Vendor:   
    VRAM:     8079 MB
    Driver:   27.21.14.5671
Initialize mono
Mono path[0] = 'C:/Program Files/Unity/Hub/Editor/2020.3.13f1/Editor/Data/Managed'
Mono path[1] = 'C:/Program Files/Unity/Hub/Editor/2020.3.13f1/Editor/Data/MonoBleedingEdge/lib/mono/unityjit'
Mono config path = 'C:/Program Files/Unity/Hub/Editor/2020.3.13f1/Editor/Data/MonoBleedingEdge/etc'
Using monoOptions --debugger-agent=transport=dt_socket,embedding=1,server=y,suspend=n,address=127.0.0.1:56256
Begin MonoManager ReloadAssembly
Registering precompiled unity dll's ...
Register platform support module: C:/Program Files/Unity/Hub/Editor/2020.3.13f1/Editor/Data/PlaybackEngines/WindowsStandaloneSupport/UnityEditor.WindowsStandalone.Extensions.dll
Registered in 0.002043 seconds.
Native extension for WindowsStandalone target not found
Refreshing native plugins compatible for Editor in 79.12 ms, found 16 plugins.
Preloading 2 native plugins for Editor in 0.20 ms.
Mono: successfully reloaded assembly
- Completed reload, in  2.038 seconds
Platform modules already initialized, skipping
Registering precompiled user dll's ...
Registered in 0.013929 seconds.
Begin MonoManager ReloadAssembly
Native extension for WindowsStandalone target not found
Refreshing native plugins compatible for Editor in 80.10 ms, found 16 plugins.
Preloading 2 native plugins for Editor in 0.25 ms.
[XR] OculusXRPlugin: registering subsystems
[XR] Unable to register display lifecyle provider: [1]
[XR] Oculus Input lifecycle provider registered.
[XR] Unable to register input lifecyle provider: [1]
NullReferenceException: Object reference not set to an instance of an object
  at Unity.XR.Oculus.OculusLoader.AssetPathToAbsolutePath (System.String assetPath) [0x00048] in C:\Users\VRguy\Documents\GitHub\VRJam21\Library\PackageCache\com.unity.xr.oculus@1.9.1\Runtime\OculusLoader.cs:249 
  at Unity.XR.Oculus.OculusLoader.EditorLoadOVRPlugin () [0x0007b] in C:\Users\VRguy\Documents\GitHub\VRJam21\Library\PackageCache\com.unity.xr.oculus@1.9.1\Runtime\OculusLoader.cs:234 

(Filename: Library/PackageCache/com.unity.xr.oculus@1.9.1/Runtime/OculusLoader.cs Line: 249)

Mono: successfully reloaded assembly
- Completed reload, in  1.613 seconds
Platform modules already initialized, skipping
========================================================================
Worker process is ready to serve import requests
Launched and connected shader compiler UnityShaderCompiler.exe after 0.04 seconds
Refreshing native plugins compatible for Editor in 1.17 ms, found 16 plugins.
Preloading 2 native plugins for Editor in 0.18 ms.
Unloading 2923 Unused Serialized files (Serialized files now loaded: 0)
System memory in use before: 127.5 MB.
System memory in use after: 127.5 MB.

Unloading 39 unused Assets to reduce memory usage. Loaded Objects now: 3404.
Total: 3.004500 ms (FindLiveObjects: 0.391200 ms CreateObjectMapping: 0.079400 ms MarkObjects: 2.449700 ms  DeleteObjects: 0.082700 ms)

AssetImportParameters requested are different than current active one (requested -> active):
  custom:framework-win-MediaFoundation: 216162199b28c13a410421893ffa2e32 -> 
  custom:video-decoder-ogg-theora: a1e56fd34408186e4bbccfd4996cb3dc -> 
  custom:container-muxer-webm: aa71ff27fc2769a1b78a27578f13a17b -> 
  custom:container-demuxer-webm: 4f35f7cbe854078d1ac9338744f61a02 -> 
  custom:container-demuxer-ogg: 62fdf1f143b41e24485cea50d1cbac27 -> 
  custom:video-encoder-webm-vp8: eb34c28f22e8b96e1ab97ce403110664 -> 
  custom:video-decoder-webm-vp8: 9c59270c3fd7afecdb556c50c9e8de78 -> 
  custom:audio-decoder-ogg-vorbis: bf7c407c2cedff20999df2af8eb42d56 -> 
  custom:audio-encoder-webm-vorbis: bf7c407c2cedff20999df2af8eb42d56 -> 
========================================================================
Received Import Request.
  path: Assets/Scenes/Sandbox Clone.unity
  artifactKey: Guid(0d580dbfaf52bc340abe0db7b893624d) Importer(815301076,1909f56bfc062723c751e8b465ee728b)
Start importing Assets/Scenes/Sandbox Clone.unity using Guid(0d580dbfaf52bc340abe0db7b893624d) Importer(815301076,1909f56bfc062723c751e8b465ee728b)  -> (artifact id: '4c6f0f8df4b84ecbd4911085ea2bad11') in 0.022253 seconds 
  Import took 0.027418 seconds .

========================================================================
Received Import Request.
  Time since last request: 5.107086 seconds.
  path: Assets/Scenes/Sandbox Clone 1.unity
  artifactKey: Guid(1e87327bd504ea749b7e298621013290) Importer(815301076,1909f56bfc062723c751e8b465ee728b)
Start importing Assets/Scenes/Sandbox Clone 1.unity using Guid(1e87327bd504ea749b7e298621013290) Importer(815301076,1909f56bfc062723c751e8b465ee728b)  -> (artifact id: '105913ebaaef03d16e72f7609921dc57') in 0.008471 seconds 
  Import took 0.018704 seconds .

========================================================================
Received Import Request.
  Time since last request: 15.389386 seconds.
  path: Assets/Scenes/Sandbox Clone 2.unity
  artifactKey: Guid(1e87327bd504ea749b7e298621013290) Importer(815301076,1909f56bfc062723c751e8b465ee728b)
Start importing Assets/Scenes/Sandbox Clone 2.unity using Guid(1e87327bd504ea749b7e298621013290) Importer(815301076,1909f56bfc062723c751e8b465ee728b)  -> (artifact id: '4698c1401c28d15f97dde3a3ad6ec69b') in 0.008414 seconds 
  Import took 0.013438 seconds .

========================================================================
Received Import Request.
  Time since last request: 16.410356 seconds.
  path: Assets/Scenes/Sandbox 01.unity
  artifactKey: Guid(9fc0d4010bbf28b4594072e72b8655ab) Importer(815301076,1909f56bfc062723c751e8b465ee728b)
Start importing Assets/Scenes/Sandbox 01.unity using Guid(9fc0d4010bbf28b4594072e72b8655ab) Importer(815301076,1909f56bfc062723c751e8b465ee728b)  -> (artifact id: '7f08485a5c445f902352bdef9054beb2') in 0.007997 seconds 
  Import took 0.013227 seconds .

========================================================================
Received Import Request.
  Time since last request: 11.746638 seconds.
  path: Assets/Scenes/Sandbox 02.unity
  artifactKey: Guid(0d580dbfaf52bc340abe0db7b893624d) Importer(815301076,1909f56bfc062723c751e8b465ee728b)
Start importing Assets/Scenes/Sandbox 02.unity using Guid(0d580dbfaf52bc340abe0db7b893624d) Importer(815301076,1909f56bfc062723c751e8b465ee728b)  -> (artifact id: '2b0d7f5876fe2bd199e4427d4bac9348') in 0.008172 seconds 
  Import took 0.013357 seconds .

========================================================================
Received Import Request.
  Time since last request: 6.959026 seconds.
  path: Assets/Scenes/Sandbox 03.unity
  artifactKey: Guid(1e87327bd504ea749b7e298621013290) Importer(815301076,1909f56bfc062723c751e8b465ee728b)
Start importing Assets/Scenes/Sandbox 03.unity using Guid(1e87327bd504ea749b7e298621013290) Importer(815301076,1909f56bfc062723c751e8b465ee728b)  -> (artifact id: '1317f0c7f0635534b5fc2b852315b3bf') in 0.009117 seconds 
  Import took 0.014476 seconds .

========================================================================
Received Import Request.
  Time since last request: 49.426504 seconds.
  path: Assets/Models
  artifactKey: Guid(c15170cfe319b0f4a9d618f55e4af112) Importer(815301076,1909f56bfc062723c751e8b465ee728b)
Start importing Assets/Models using Guid(c15170cfe319b0f4a9d618f55e4af112) Importer(815301076,1909f56bfc062723c751e8b465ee728b)  -> (artifact id: '55d211c0039df0a51270bcb829c6b03c') in 0.112730 seconds 
  Import took 0.125223 seconds .

========================================================================
Received Import Request.
  Time since last request: 11.562413 seconds.
  path: Assets/Models/squirrel_body.fbx
  artifactKey: Guid(3526f76a7f0bc1d4683d71fe44396b23) Importer(815301076,1909f56bfc062723c751e8b465ee728b)
Start importing Assets/Models/squirrel_body.fbx using Guid(3526f76a7f0bc1d4683d71fe44396b23) Importer(815301076,1909f56bfc062723c751e8b465ee728b)  -> (artifact id: 'e9e84b582ded5bd9f8f8c83a39e9c191') in 3.525897 seconds 
  Import took 3.538802 seconds .

========================================================================
Received Import Request.
  Time since last request: 0.000943 seconds.
  path: Assets/Models/squirrel_leftHand.fbx
  artifactKey: Guid(0333c4ef5079ea14ea45de67281dde96) Importer(815301076,1909f56bfc062723c751e8b465ee728b)
Start importing Assets/Models/squirrel_leftHand.fbx using Guid(0333c4ef5079ea14ea45de67281dde96) Importer(815301076,1909f56bfc062723c751e8b465ee728b)  -> (artifact id: 'b4070006cd5ee5b9b924f322216ffb14') in 0.569959 seconds 
  Import took 0.617596 seconds .

========================================================================
Received Import Request.
  Time since last request: 0.000241 seconds.
  path: Assets/Models/squirrel_rightHand.fbx
  artifactKey: Guid(103aeda81505c0743a49645318b572c8) Importer(815301076,1909f56bfc062723c751e8b465ee728b)
Start importing Assets/Models/squirrel_rightHand.fbx using Guid(103aeda81505c0743a49645318b572c8) Importer(815301076,1909f56bfc062723c751e8b465ee728b)  -> (artifact id: '399aa25c95c9a127018781aadd91f588') in 0.877854 seconds 
  Import took 0.887028 seconds .

========================================================================
Received Import Request.
  Time since last request: 1077.571665 seconds.
  path: Assets/3rd Party Assets/AutoHand/Documents/[SETUP].pdf
  artifactKey: Guid(4f1752db550fa6c4aa87a4ecc95a9058) Importer(815301076,1909f56bfc062723c751e8b465ee728b)
Start importing Assets/3rd Party Assets/AutoHand/Documents/[SETUP].pdf using Guid(4f1752db550fa6c4aa87a4ecc95a9058) Importer(815301076,1909f56bfc062723c751e8b465ee728b)  -> (artifact id: 'aab5530b028348ccc0a1a096e4043ecf') in 0.019143 seconds 
  Import took 0.024616 seconds .

========================================================================
Received Prepare
Registering precompiled user dll's ...
Registered in 0.015192 seconds.
Begin MonoManager ReloadAssembly
Native extension for WindowsStandalone target not found
Refreshing native plugins compatible for Editor in 1.34 ms, found 16 plugins.
Preloading 2 native plugins for Editor in 0.19 ms.
NullReferenceException: Object reference not set to an instance of an object
  at Unity.XR.Oculus.OculusLoader.AssetPathToAbsolutePath (System.String assetPath) [0x00048] in C:\Users\VRguy\Documents\GitHub\VRJam21\Library\PackageCache\com.unity.xr.oculus@1.9.1\Runtime\OculusLoader.cs:249 
  at Unity.XR.Oculus.OculusLoader.EditorLoadOVRPlugin () [0x0007b] in C:\Users\VRguy\Documents\GitHub\VRJam21\Library\PackageCache\com.unity.xr.oculus@1.9.1\Runtime\OculusLoader.cs:234 

(Filename: Library/PackageCache/com.unity.xr.oculus@1.9.1/Runtime/OculusLoader.cs Line: 249)

Mono: successfully reloaded assembly
- Completed reload, in  1.505 seconds
Platform modules already initialized, skipping
Refreshing native plugins compatible for Editor in 1.23 ms, found 16 plugins.
Preloading 2 native plugins for Editor in 0.17 ms.
Unloading 2849 Unused Serialized files (Serialized files now loaded: 0)
System memory in use before: 148.1 MB.
System memory in use after: 148.3 MB.

Unloading 32 unused Assets to reduce memory usage. Loaded Objects now: 3450.
Total: 3.224700 ms (FindLiveObjects: 0.376800 ms CreateObjectMapping: 0.080900 ms MarkObjects: 2.730600 ms  DeleteObjects: 0.034700 ms)

AssetImportParameters requested are different than current active one (requested -> active):
  custom:framework-win-MediaFoundation: 216162199b28c13a410421893ffa2e32 -> 
  custom:video-decoder-ogg-theora: a1e56fd34408186e4bbccfd4996cb3dc -> 
  custom:container-muxer-webm: aa71ff27fc2769a1b78a27578f13a17b -> 
  custom:container-demuxer-webm: 4f35f7cbe854078d1ac9338744f61a02 -> 
  custom:container-demuxer-ogg: 62fdf1f143b41e24485cea50d1cbac27 -> 
  custom:video-encoder-webm-vp8: eb34c28f22e8b96e1ab97ce403110664 -> 
  custom:video-decoder-webm-vp8: 9c59270c3fd7afecdb556c50c9e8de78 -> 
  custom:audio-decoder-ogg-vorbis: bf7c407c2cedff20999df2af8eb42d56 -> 
  custom:audio-encoder-webm-vorbis: bf7c407c2cedff20999df2af8eb42d56 -> 
========================================================================
Received Import Request.
  Time since last request: 2231.914170 seconds.
  path: Assets/ReturnArmToSide.cs
  artifactKey: Guid(6627a52b73918b947832cef133b804ae) Importer(815301076,1909f56bfc062723c751e8b465ee728b)
Start importing Assets/ReturnArmToSide.cs using Guid(6627a52b73918b947832cef133b804ae) Importer(815301076,1909f56bfc062723c751e8b465ee728b)  -> (artifact id: '66b2dde9b09403e6e3576707af747837') in 0.055598 seconds 
  Import took 0.074615 seconds .

========================================================================
Received Import Request.
  Time since last request: 5800.137574 seconds.
  path: Assets/3rd Party Assets/AutoHand/Examples/Scenes/OpenXR (Beta)
  artifactKey: Guid(483b1614444a8f44fb13ee6e6ed24370) Importer(815301076,1909f56bfc062723c751e8b465ee728b)
Start importing Assets/3rd Party Assets/AutoHand/Examples/Scenes/OpenXR (Beta) using Guid(483b1614444a8f44fb13ee6e6ed24370) Importer(815301076,1909f56bfc062723c751e8b465ee728b)  -> (artifact id: '5dff7ad53b89b9d99082b283119d5e0b') in 0.008515 seconds 
  Import took 0.014160 seconds .

========================================================================
Received Import Request.
  Time since last request: 0.052611 seconds.
  path: Assets/3rd Party Assets/AutoHand/Examples/Scenes/OpenXR (Beta)/Auto Hand.inputactions
  artifactKey: Guid(ea9500ae32862c949b420c59682d02ed) Importer(815301076,1909f56bfc062723c751e8b465ee728b)
Start importing Assets/3rd Party Assets/AutoHand/Examples/Scenes/OpenXR (Beta)/Auto Hand.inputactions using Guid(ea9500ae32862c949b420c59682d02ed) Importer(815301076,1909f56bfc062723c751e8b465ee728b)  -> (artifact id: '04269b8a584292e52e273d1ed1026620') in 0.099758 seconds 
  Import took 0.105700 seconds .

========================================================================
Received Import Request.
  Time since last request: 2.047446 seconds.
  path: Assets/3rd Party Assets/AutoHand/Examples/Scenes/OpenXR (Beta)/Scripts
  artifactKey: Guid(a149e30fd802f7447bcdf6d4bd1aae34) Importer(815301076,1909f56bfc062723c751e8b465ee728b)
Start importing Assets/3rd Party Assets/AutoHand/Examples/Scenes/OpenXR (Beta)/Scripts using Guid(a149e30fd802f7447bcdf6d4bd1aae34) Importer(815301076,1909f56bfc062723c751e8b465ee728b)  -> (artifact id: '8c453fe31e5b70f61de32e391cacb20a') in 0.008590 seconds 
  Import took 0.013898 seconds .

========================================================================
Received Import Request.
  Time since last request: 0.860338 seconds.
  path: Assets/3rd Party Assets/AutoHand/Examples/Scenes/OpenXR (Beta)/Prefabs
  artifactKey: Guid(0b8f690f5f179654fb15788462acc97f) Importer(815301076,1909f56bfc062723c751e8b465ee728b)
Start importing Assets/3rd Party Assets/AutoHand/Examples/Scenes/OpenXR (Beta)/Prefabs using Guid(0b8f690f5f179654fb15788462acc97f) Importer(815301076,1909f56bfc062723c751e8b465ee728b)  -> (artifact id: '466c5cf1cf14ceac030a59295c007b6a') in 0.007446 seconds 
  Import took 0.012544 seconds .

========================================================================
Received Import Request.
  Time since last request: 0.000402 seconds.
  path: Assets/3rd Party Assets/AutoHand/Examples/Scenes/OpenXR (Beta)/Prefabs
  artifactKey: Guid(0b8f690f5f179654fb15788462acc97f) Importer(815301076,1909f56bfc062723c751e8b465ee728b)
Start importing Assets/3rd Party Assets/AutoHand/Examples/Scenes/OpenXR (Beta)/Prefabs using Guid(0b8f690f5f179654fb15788462acc97f) Importer(815301076,1909f56bfc062723c751e8b465ee728b)  -> (artifact id: '466c5cf1cf14ceac030a59295c007b6a') in 0.003351 seconds 
  Import took 0.008381 seconds .

========================================================================
Received Import Request.
  Time since last request: 306.611067 seconds.
  path: Assets/3rd Party Assets/AutoHand/Scripts/Hand/HandPoseData.cs
  artifactKey: Guid(dbb03ea4c2f094a53b02416e0c2fc1ac) Importer(815301076,1909f56bfc062723c751e8b465ee728b)
Start importing Assets/3rd Party Assets/AutoHand/Scripts/Hand/HandPoseData.cs using Guid(dbb03ea4c2f094a53b02416e0c2fc1ac) Importer(815301076,1909f56bfc062723c751e8b465ee728b)  -> (artifact id: '330d4d7eec94498d66351df6fa00e222') in 0.009244 seconds 
  Import took 0.014717 seconds .

========================================================================
Received Import Request.
  Time since last request: 0.574404 seconds.
  path: Assets/3rd Party Assets/AutoHand/Scripts/Hand/HandPoseArea.cs
  artifactKey: Guid(860940885d4f04170a30987b127e5ff2) Importer(815301076,1909f56bfc062723c751e8b465ee728b)
Start importing Assets/3rd Party Assets/AutoHand/Scripts/Hand/HandPoseArea.cs using Guid(860940885d4f04170a30987b127e5ff2) Importer(815301076,1909f56bfc062723c751e8b465ee728b)  -> (artifact id: '884d332159cc8144c12fafa3469e03a3') in 0.010055 seconds 
  Import took 0.015571 seconds .

========================================================================
Received Import Request.
  Time since last request: 1.529427 seconds.
  path: Assets/3rd Party Assets/AutoHand/Scripts/Hand/HandPoseDriver.cs
  artifactKey: Guid(728fe9f08da03e44780e6f13619f41a0) Importer(815301076,1909f56bfc062723c751e8b465ee728b)
Start importing Assets/3rd Party Assets/AutoHand/Scripts/Hand/HandPoseDriver.cs using Guid(728fe9f08da03e44780e6f13619f41a0) Importer(815301076,1909f56bfc062723c751e8b465ee728b)  -> (artifact id: '42c1622e3547ba3aaab008534394506c') in 0.148151 seconds 
  Import took 0.153220 seconds .

========================================================================
Received Import Request.
  Time since last request: 0.459524 seconds.
  path: Assets/3rd Party Assets/AutoHand/Scripts/Hand/HandPublicEvents.cs
  artifactKey: Guid(92716075103c54d429004096c1d8b87a) Importer(815301076,1909f56bfc062723c751e8b465ee728b)
Start importing Assets/3rd Party Assets/AutoHand/Scripts/Hand/HandPublicEvents.cs using Guid(92716075103c54d429004096c1d8b87a) Importer(815301076,1909f56bfc062723c751e8b465ee728b)  -> (artifact id: '01deaa4cb5fcb5701bc734866f3d626e') in 0.008629 seconds 
  Import took 0.013935 seconds .

========================================================================
Received Import Request.
  Time since last request: 0.415141 seconds.
  path: Assets/3rd Party Assets/AutoHand/Scripts/Hand/HandStabilizer.cs
  artifactKey: Guid(f820a3019d6fa6d49a0813bc55bba9c0) Importer(815301076,1909f56bfc062723c751e8b465ee728b)
Start importing Assets/3rd Party Assets/AutoHand/Scripts/Hand/HandStabilizer.cs using Guid(f820a3019d6fa6d49a0813bc55bba9c0) Importer(815301076,1909f56bfc062723c751e8b465ee728b)  -> (artifact id: '9f850fa315f832f4c11bd367056738e6') in 0.008848 seconds 
  Import took 0.013895 seconds .

========================================================================
Received Import Request.
  Time since last request: 1.195745 seconds.
  path: Assets/3rd Party Assets/AutoHand/Scripts/Hand/Hand.cs
  artifactKey: Guid(9413d460e98076241a1f46c91201217d) Importer(815301076,1909f56bfc062723c751e8b465ee728b)
Start importing Assets/3rd Party Assets/AutoHand/Scripts/Hand/Hand.cs using Guid(9413d460e98076241a1f46c91201217d) Importer(815301076,1909f56bfc062723c751e8b465ee728b)  -> (artifact id: 'cc1dd56014e7eb26d73173932a14eddc') in 0.007316 seconds 
  Import took 0.012541 seconds .

========================================================================
Received Import Request.
  Time since last request: 0.810961 seconds.
  path: Assets/3rd Party Assets/AutoHand/Scripts/Hand/Finger.cs
  artifactKey: Guid(7efad4f49bdc399409aae0e128b0ad2b) Importer(815301076,1909f56bfc062723c751e8b465ee728b)
Start importing Assets/3rd Party Assets/AutoHand/Scripts/Hand/Finger.cs using Guid(7efad4f49bdc399409aae0e128b0ad2b) Importer(815301076,1909f56bfc062723c751e8b465ee728b)  -> (artifact id: '4cbe1fb2dcf87351f2068adb7cef7b9f') in 0.009017 seconds 
  Import took 0.014160 seconds .

========================================================================
Received Import Request.
  Time since last request: 3.099381 seconds.
  path: Assets/3rd Party Assets/AutoHand/Scripts/Movement
  artifactKey: Guid(7cd66627ba2e9e649865b36cf88f835c) Importer(815301076,1909f56bfc062723c751e8b465ee728b)
Start importing Assets/3rd Party Assets/AutoHand/Scripts/Movement using Guid(7cd66627ba2e9e649865b36cf88f835c) Importer(815301076,1909f56bfc062723c751e8b465ee728b)  -> (artifact id: '4e7c2ffaadbcce9db7589f2ba1036634') in 0.008061 seconds 
  Import took 0.013603 seconds .

========================================================================
Received Import Request.
  Time since last request: 3.171379 seconds.
  path: Assets/3rd Party Assets/AutoHand/Scripts/Helpers
  artifactKey: Guid(846400c838e3f2c4285d6c8d6e49bf23) Importer(815301076,1909f56bfc062723c751e8b465ee728b)
Start importing Assets/3rd Party Assets/AutoHand/Scripts/Helpers using Guid(846400c838e3f2c4285d6c8d6e49bf23) Importer(815301076,1909f56bfc062723c751e8b465ee728b)  -> (artifact id: '2782cb012d558fd508c27f88a86f9402') in 0.009076 seconds 
  Import took 0.014189 seconds .

========================================================================
Received Import Request.
  Time since last request: 3.115803 seconds.
  path: Assets/3rd Party Assets/AutoHand/Scripts/Gadgets
  artifactKey: Guid(cdc7792f4e8709c43b04df2480da23c8) Importer(815301076,1909f56bfc062723c751e8b465ee728b)
Start importing Assets/3rd Party Assets/AutoHand/Scripts/Gadgets using Guid(cdc7792f4e8709c43b04df2480da23c8) Importer(815301076,1909f56bfc062723c751e8b465ee728b)  -> (artifact id: '0ce7607afc5427d48a96e649fe9a7a21') in 0.008142 seconds 
  Import took 0.013521 seconds .

========================================================================
Received Import Request.
  Time since last request: 4.069676 seconds.
  path: Assets/3rd Party Assets/AutoHand/Scripts/Demo
  artifactKey: Guid(de93e5084577cb043b0b721e0cfb7487) Importer(815301076,1909f56bfc062723c751e8b465ee728b)
Start importing Assets/3rd Party Assets/AutoHand/Scripts/Demo using Guid(de93e5084577cb043b0b721e0cfb7487) Importer(815301076,1909f56bfc062723c751e8b465ee728b)  -> (artifact id: '8769f1d4e469985eb5372969e4be41e8') in 0.008285 seconds 
  Import took 0.013411 seconds .

========================================================================
Received Import Request.
  Time since last request: 0.000602 seconds.
  path: Assets/3rd Party Assets/AutoHand/Scripts/Demo
  artifactKey: Guid(de93e5084577cb043b0b721e0cfb7487) Importer(815301076,1909f56bfc062723c751e8b465ee728b)
Start importing Assets/3rd Party Assets/AutoHand/Scripts/Demo using Guid(de93e5084577cb043b0b721e0cfb7487) Importer(815301076,1909f56bfc062723c751e8b465ee728b)  -> (artifact id: '8769f1d4e469985eb5372969e4be41e8') in 0.003079 seconds 
  Import took 0.008284 seconds .

========================================================================
Received Import Request.
  Time since last request: 119.434676 seconds.
  path: Assets/3rd Party Assets/AutoHand/Scripts/Editor/AutoHandSetupWizard.cs
  artifactKey: Guid(f6b04d9364665ab4c9e634f1f2486f73) Importer(815301076,1909f56bfc062723c751e8b465ee728b)
Start importing Assets/3rd Party Assets/AutoHand/Scripts/Editor/AutoHandSetupWizard.cs using Guid(f6b04d9364665ab4c9e634f1f2486f73) Importer(815301076,1909f56bfc062723c751e8b465ee728b)  -> (artifact id: '98e72fba9151a459fa72678fd1f1b123') in 0.008713 seconds 
  Import took 0.014281 seconds .

========================================================================
Received Import Request.
  Time since last request: 0.017322 seconds.
  path: Assets/3rd Party Assets/AutoHand/Scripts/Editor/AutoHandSetupWizard.cs
  artifactKey: Guid(f6b04d9364665ab4c9e634f1f2486f73) Importer(815301076,1909f56bfc062723c751e8b465ee728b)
Start importing Assets/3rd Party Assets/AutoHand/Scripts/Editor/AutoHandSetupWizard.cs using Guid(f6b04d9364665ab4c9e634f1f2486f73) Importer(815301076,1909f56bfc062723c751e8b465ee728b)  -> (artifact id: '98e72fba9151a459fa72678fd1f1b123') in 0.003305 seconds 
  Import took 0.008567 seconds .

========================================================================
Received Import Request.
  Time since last request: 6.150062 seconds.
  path: Assets/3rd Party Assets/AutoHand/Scripts/Gadgets/JointExtensions.cs
  artifactKey: Guid(6896bbcb23a89e64a9efcd8458fd9630) Importer(815301076,1909f56bfc062723c751e8b465ee728b)
Start importing Assets/3rd Party Assets/AutoHand/Scripts/Gadgets/JointExtensions.cs using Guid(6896bbcb23a89e64a9efcd8458fd9630) Importer(815301076,1909f56bfc062723c751e8b465ee728b)  -> (artifact id: '4602f2d9f24e040294a28e2dd36c82c8') in 0.008683 seconds 
  Import took 0.013862 seconds .

========================================================================
Received Import Request.
  Time since last request: 5.322264 seconds.
  path: Assets/3rd Party Assets/AutoHand/Scripts/Gadgets/PhysicsGadgetButton.cs
  artifactKey: Guid(1c95fc8dc8ac7aa4c867fe21c24639c0) Importer(815301076,1909f56bfc062723c751e8b465ee728b)
Start importing Assets/3rd Party Assets/AutoHand/Scripts/Gadgets/PhysicsGadgetButton.cs using Guid(1c95fc8dc8ac7aa4c867fe21c24639c0) Importer(815301076,1909f56bfc062723c751e8b465ee728b)  -> (artifact id: '0d069f50349a3d63e6d6693925204bbd') in 0.008171 seconds 
  Import took 0.013428 seconds .

========================================================================
Received Import Request.
  Time since last request: 1.823843 seconds.
  path: Assets/3rd Party Assets/AutoHand/Scripts/Gadgets/PhysicsGadgetConfigurableLimitReader.cs
  artifactKey: Guid(18d9c58a36556874fad9e6f1666c394f) Importer(815301076,1909f56bfc062723c751e8b465ee728b)
Start importing Assets/3rd Party Assets/AutoHand/Scripts/Gadgets/PhysicsGadgetConfigurableLimitReader.cs using Guid(18d9c58a36556874fad9e6f1666c394f) Importer(815301076,1909f56bfc062723c751e8b465ee728b)  -> (artifact id: '1f5522749b1b15ba8df845e86fae5d8e') in 0.008295 seconds 
  Import took 0.013377 seconds .

========================================================================
Received Import Request.
  Time since last request: 1.121593 seconds.
  path: Assets/3rd Party Assets/AutoHand/Scripts/Gadgets/PhysicsGadgetHingeAngleReader.cs
  artifactKey: Guid(3f2580c2349119b46b7b6be979d1ad61) Importer(815301076,1909f56bfc062723c751e8b465ee728b)
Start importing Assets/3rd Party Assets/AutoHand/Scripts/Gadgets/PhysicsGadgetHingeAngleReader.cs using Guid(3f2580c2349119b46b7b6be979d1ad61) Importer(815301076,1909f56bfc062723c751e8b465ee728b)  -> (artifact id: '9ef500c1641f4a008c970d4f4cbb92d3') in 0.008950 seconds 
  Import took 0.014329 seconds .

========================================================================
Received Import Request.
  Time since last request: 0.000244 seconds.
  path: Assets/3rd Party Assets/AutoHand/Scripts/Gadgets/PhysicsGadgetHingeAngleReader.cs
  artifactKey: Guid(3f2580c2349119b46b7b6be979d1ad61) Importer(815301076,1909f56bfc062723c751e8b465ee728b)
Start importing Assets/3rd Party Assets/AutoHand/Scripts/Gadgets/PhysicsGadgetHingeAngleReader.cs using Guid(3f2580c2349119b46b7b6be979d1ad61) Importer(815301076,1909f56bfc062723c751e8b465ee728b)  -> (artifact id: '9ef500c1641f4a008c970d4f4cbb92d3') in 0.003287 seconds 
  Import took 0.008367 seconds .

========================================================================
Received Import Request.
  Time since last request: 153.962110 seconds.
  path: Assets/3rd Party Assets/AutoHand/Scripts/Demo/Demo Scene/DemoSceneHelper.cs
  artifactKey: Guid(7420a1235600411458e429d92d5705a6) Importer(815301076,1909f56bfc062723c751e8b465ee728b)
Start importing Assets/3rd Party Assets/AutoHand/Scripts/Demo/Demo Scene/DemoSceneHelper.cs using Guid(7420a1235600411458e429d92d5705a6) Importer(815301076,1909f56bfc062723c751e8b465ee728b)  -> (artifact id: 'b6c4259401cc081268b3dcd1e5a843d6') in 0.008787 seconds 
  Import took 0.014252 seconds .

========================================================================
Received Import Request.
  Time since last request: 0.001429 seconds.
  path: Assets/3rd Party Assets/AutoHand/Scripts/Demo/Demo Scene/DemoSceneHelper.cs
  artifactKey: Guid(7420a1235600411458e429d92d5705a6) Importer(815301076,1909f56bfc062723c751e8b465ee728b)
Start importing Assets/3rd Party Assets/AutoHand/Scripts/Demo/Demo Scene/DemoSceneHelper.cs using Guid(7420a1235600411458e429d92d5705a6) Importer(815301076,1909f56bfc062723c751e8b465ee728b)  -> (artifact id: 'b6c4259401cc081268b3dcd1e5a843d6') in 0.003745 seconds 
  Import took 0.009274 seconds .

========================================================================
Received Import Request.
  Time since last request: 2.671650 seconds.
  path: Assets/3rd Party Assets/AutoHand/Scripts/Demo/Demo Scene/PlayerFallCatcher.cs
  artifactKey: Guid(573626c2803a9f04aa9674af69754045) Importer(815301076,1909f56bfc062723c751e8b465ee728b)
Start importing Assets/3rd Party Assets/AutoHand/Scripts/Demo/Demo Scene/PlayerFallCatcher.cs using Guid(573626c2803a9f04aa9674af69754045) Importer(815301076,1909f56bfc062723c751e8b465ee728b)  -> (artifact id: '576c91b02cedffc8f3da54a1eab7fd88') in 0.008648 seconds 
  Import took 0.014251 seconds .

========================================================================
Received Import Request.
  Time since last request: 0.002211 seconds.
  path: Assets/3rd Party Assets/AutoHand/Scripts/Demo/Demo Scene/PlayerFallCatcher.cs
  artifactKey: Guid(573626c2803a9f04aa9674af69754045) Importer(815301076,1909f56bfc062723c751e8b465ee728b)
Start importing Assets/3rd Party Assets/AutoHand/Scripts/Demo/Demo Scene/PlayerFallCatcher.cs using Guid(573626c2803a9f04aa9674af69754045) Importer(815301076,1909f56bfc062723c751e8b465ee728b)  -> (artifact id: '576c91b02cedffc8f3da54a1eab7fd88') in 0.003505 seconds 
  Import took 0.008616 seconds .

========================================================================
Received Import Request.
  Time since last request: 22.305788 seconds.
  path: Assets/3rd Party Assets/AutoHand/Packages (Setup)
  artifactKey: Guid(9ed29be5b84c5b04780e13736d6ed8e2) Importer(815301076,1909f56bfc062723c751e8b465ee728b)
Start importing Assets/3rd Party Assets/AutoHand/Packages (Setup) using Guid(9ed29be5b84c5b04780e13736d6ed8e2) Importer(815301076,1909f56bfc062723c751e8b465ee728b)  -> (artifact id: '8ae7e9a3b2b6ddf495603ae39109d2b0') in 0.009656 seconds 
  Import took 0.015180 seconds .

========================================================================
Received Import Request.
  Time since last request: 5.401163 seconds.
  path: Assets/3rd Party Assets/AutoHand/Examples
  artifactKey: Guid(7c40ca803715fd641836852e8095d479) Importer(815301076,1909f56bfc062723c751e8b465ee728b)
Start importing Assets/3rd Party Assets/AutoHand/Examples using Guid(7c40ca803715fd641836852e8095d479) Importer(815301076,1909f56bfc062723c751e8b465ee728b)  -> (artifact id: '7de69a6cb8bc42f5d3f3e69435722f3c') in 0.008812 seconds 
  Import took 0.014176 seconds .

========================================================================
Received Import Request.
  Time since last request: 1.743295 seconds.
  path: Assets/3rd Party Assets/AutoHand/Examples/Scenes
  artifactKey: Guid(9c4608e4cedd0074497df69655f5f29f) Importer(815301076,1909f56bfc062723c751e8b465ee728b)
Start importing Assets/3rd Party Assets/AutoHand/Examples/Scenes using Guid(9c4608e4cedd0074497df69655f5f29f) Importer(815301076,1909f56bfc062723c751e8b465ee728b)  -> (artifact id: '3ff3bf2b4a6732c62602fe3633ea04dd') in 0.008449 seconds 
  Import took 0.013556 seconds .

========================================================================
Received Import Request.
  Time since last request: 0.003815 seconds.
  path: Assets/3rd Party Assets/AutoHand/Examples/Scenes
  artifactKey: Guid(9c4608e4cedd0074497df69655f5f29f) Importer(815301076,1909f56bfc062723c751e8b465ee728b)
Start importing Assets/3rd Party Assets/AutoHand/Examples/Scenes using Guid(9c4608e4cedd0074497df69655f5f29f) Importer(815301076,1909f56bfc062723c751e8b465ee728b)  -> (artifact id: '3ff3bf2b4a6732c62602fe3633ea04dd') in 0.003157 seconds 
  Import took 0.008307 seconds .

========================================================================
Received Import Request.
  Time since last request: 1315.878324 seconds.
  path: Assets/Scenes/SquirrelIKTest.unity
  artifactKey: Guid(b6a94326495933b43b9d042d7d10b560) Importer(815301076,1909f56bfc062723c751e8b465ee728b)
Start importing Assets/Scenes/SquirrelIKTest.unity using Guid(b6a94326495933b43b9d042d7d10b560) Importer(815301076,1909f56bfc062723c751e8b465ee728b)  -> (artifact id: '807887afde1f4e5f29147b3c9f232c3c') in 0.010528 seconds 
  Import took 0.016475 seconds .

========================================================================
Received Import Request.
  Time since last request: 292.771364 seconds.
  path: Assets/Plugins/RootMotion/FinalIK/IK Components/FullBodyBipedIK.cs
  artifactKey: Guid(a70e525c82ce9413fa4d940ad7fcf1db) Importer(815301076,1909f56bfc062723c751e8b465ee728b)
Start importing Assets/Plugins/RootMotion/FinalIK/IK Components/FullBodyBipedIK.cs using Guid(a70e525c82ce9413fa4d940ad7fcf1db) Importer(815301076,1909f56bfc062723c751e8b465ee728b)  -> (artifact id: 'e988fd48a068d7c7483f6e1d28a73826') in 0.009183 seconds 
  Import took 0.014700 seconds .

========================================================================
Received Import Request.
  Time since last request: 5.677135 seconds.
  path: Assets/Plugins/RootMotion/FinalIK/IK Components/LimbIK.cs
  artifactKey: Guid(4db3c450680fd4c809d5ad90a2f24e5f) Importer(815301076,1909f56bfc062723c751e8b465ee728b)
Start importing Assets/Plugins/RootMotion/FinalIK/IK Components/LimbIK.cs using Guid(4db3c450680fd4c809d5ad90a2f24e5f) Importer(815301076,1909f56bfc062723c751e8b465ee728b)  -> (artifact id: '778ee2aa2f0eaefd0754722af2aa2b81') in 0.009266 seconds 
  Import took 0.014871 seconds .

========================================================================
Received Import Request.
  Time since last request: 0.001186 seconds.
  path: Assets/Plugins/RootMotion/FinalIK/IK Components/LimbIK.cs
  artifactKey: Guid(4db3c450680fd4c809d5ad90a2f24e5f) Importer(815301076,1909f56bfc062723c751e8b465ee728b)
Start importing Assets/Plugins/RootMotion/FinalIK/IK Components/LimbIK.cs using Guid(4db3c450680fd4c809d5ad90a2f24e5f) Importer(815301076,1909f56bfc062723c751e8b465ee728b)  -> (artifact id: '778ee2aa2f0eaefd0754722af2aa2b81') in 0.003380 seconds 
  Import took 0.009078 seconds .

========================================================================
Received Import Request.
  Time since last request: 6.396186 seconds.
  path: Assets/Plugins/RootMotion/FinalIK/FinalIK Change Log.pdf
  artifactKey: Guid(e7b02201a6e3c416cad2e367877dacc7) Importer(815301076,1909f56bfc062723c751e8b465ee728b)
Start importing Assets/Plugins/RootMotion/FinalIK/FinalIK Change Log.pdf using Guid(e7b02201a6e3c416cad2e367877dacc7) Importer(815301076,1909f56bfc062723c751e8b465ee728b)  -> (artifact id: 'af69631f0f250d71f67085ead2a6cd5f') in 0.016977 seconds 
  Import took 0.022215 seconds .

========================================================================
Received Import Request.
  Time since last request: 1.957911 seconds.
  path: Assets/Plugins/RootMotion/FinalIK/FinalIK User Manual.pdf
  artifactKey: Guid(7ef58c8cd22c3461180e62ac068acdc4) Importer(815301076,1909f56bfc062723c751e8b465ee728b)
Start importing Assets/Plugins/RootMotion/FinalIK/FinalIK User Manual.pdf using Guid(7ef58c8cd22c3461180e62ac068acdc4) Importer(815301076,1909f56bfc062723c751e8b465ee728b)  -> (artifact id: 'daa54007618c034f15db2814ca211215') in 0.008769 seconds 
  Import took 0.014046 seconds .

========================================================================
Received Import Request.
  Time since last request: 1.572386 seconds.
  path: Assets/Plugins/RootMotion/FinalIK/FinalIK ReadMe.rtf
  artifactKey: Guid(365bd3269a5454635af24dc6962f7d1d) Importer(815301076,1909f56bfc062723c751e8b465ee728b)
Start importing Assets/Plugins/RootMotion/FinalIK/FinalIK ReadMe.rtf using Guid(365bd3269a5454635af24dc6962f7d1d) Importer(815301076,1909f56bfc062723c751e8b465ee728b)  -> (artifact id: '9130c3352ff36d618949cd8689b3d059') in 0.050823 seconds 
  Import took 0.056081 seconds .

========================================================================
Received Import Request.
  Time since last request: 80.048277 seconds.
  path: Assets/Plugins/RootMotion/FinalIK/_Integration
  artifactKey: Guid(fd35cb16d5e64408eb3f5b252bc0c154) Importer(815301076,1909f56bfc062723c751e8b465ee728b)
Start importing Assets/Plugins/RootMotion/FinalIK/_Integration using Guid(fd35cb16d5e64408eb3f5b252bc0c154) Importer(815301076,1909f56bfc062723c751e8b465ee728b)  -> (artifact id: 'd2d32a81e18d65039a34620a4c8a65a2') in 0.027149 seconds 
  Import took 0.033397 seconds .

========================================================================
Received Import Request.
  Time since last request: 309.951191 seconds.
  path: Assets/Plugins/RootMotion/FinalIK/IK Components/VRIK.cs
  artifactKey: Guid(bfac4fa329d1f4f23814af71a247c14b) Importer(815301076,1909f56bfc062723c751e8b465ee728b)
Start importing Assets/Plugins/RootMotion/FinalIK/IK Components/VRIK.cs using Guid(bfac4fa329d1f4f23814af71a247c14b) Importer(815301076,1909f56bfc062723c751e8b465ee728b)  -> (artifact id: '0d7f04d03fcc6b37f1222fe5ee083df4') in 0.011813 seconds 
  Import took 0.017462 seconds .

========================================================================
Received Prepare
Registering precompiled user dll's ...
Registered in 0.017530 seconds.
Begin MonoManager ReloadAssembly
Native extension for WindowsStandalone target not found
Refreshing native plugins compatible for Editor in 1.66 ms, found 16 plugins.
Preloading 2 native plugins for Editor in 0.25 ms.
NullReferenceException: Object reference not set to an instance of an object
  at Unity.XR.Oculus.OculusLoader.AssetPathToAbsolutePath (System.String assetPath) [0x00048] in C:\Users\VRguy\Documents\GitHub\VRJam21\Library\PackageCache\com.unity.xr.oculus@1.9.1\Runtime\OculusLoader.cs:249 
  at Unity.XR.Oculus.OculusLoader.EditorLoadOVRPlugin () [0x0007b] in C:\Users\VRguy\Documents\GitHub\VRJam21\Library\PackageCache\com.unity.xr.oculus@1.9.1\Runtime\OculusLoader.cs:234 

(Filename: Library/PackageCache/com.unity.xr.oculus@1.9.1/Runtime/OculusLoader.cs Line: 249)

Mono: successfully reloaded assembly
- Completed reload, in  1.691 seconds
Platform modules already initialized, skipping
Refreshing native plugins compatible for Editor in 2.49 ms, found 16 plugins.
Preloading 2 native plugins for Editor in 0.39 ms.
Unloading 2849 Unused Serialized files (Serialized files now loaded: 0)
System memory in use before: 148.2 MB.
System memory in use after: 148.4 MB.

Unloading 32 unused Assets to reduce memory usage. Loaded Objects now: 3453.
Total: 5.540300 ms (FindLiveObjects: 0.397300 ms CreateObjectMapping: 0.109200 ms MarkObjects: 4.983700 ms  DeleteObjects: 0.047800 ms)

AssetImportParameters requested are different than current active one (requested -> active):
  custom:framework-win-MediaFoundation: 216162199b28c13a410421893ffa2e32 -> 
  custom:video-decoder-ogg-theora: a1e56fd34408186e4bbccfd4996cb3dc -> 
  custom:container-muxer-webm: aa71ff27fc2769a1b78a27578f13a17b -> 
  custom:container-demuxer-webm: 4f35f7cbe854078d1ac9338744f61a02 -> 
  custom:container-demuxer-ogg: 62fdf1f143b41e24485cea50d1cbac27 -> 
  custom:video-encoder-webm-vp8: eb34c28f22e8b96e1ab97ce403110664 -> 
  custom:video-decoder-webm-vp8: 9c59270c3fd7afecdb556c50c9e8de78 -> 
  custom:audio-decoder-ogg-vorbis: bf7c407c2cedff20999df2af8eb42d56 -> 
  custom:audio-encoder-webm-vorbis: bf7c407c2cedff20999df2af8eb42d56 -> 
========================================================================
Received Prepare
Registering precompiled user dll's ...
Registered in 0.014734 seconds.
Begin MonoManager ReloadAssembly
Native extension for WindowsStandalone target not found
Refreshing native plugins compatible for Editor in 1.60 ms, found 16 plugins.
Preloading 2 native plugins for Editor in 0.20 ms.
NullReferenceException: Object reference not set to an instance of an object
  at Unity.XR.Oculus.OculusLoader.AssetPathToAbsolutePath (System.String assetPath) [0x00048] in C:\Users\VRguy\Documents\GitHub\VRJam21\Library\PackageCache\com.unity.xr.oculus@1.9.1\Runtime\OculusLoader.cs:249 
  at Unity.XR.Oculus.OculusLoader.EditorLoadOVRPlugin () [0x0007b] in C:\Users\VRguy\Documents\GitHub\VRJam21\Library\PackageCache\com.unity.xr.oculus@1.9.1\Runtime\OculusLoader.cs:234 

(Filename: Library/PackageCache/com.unity.xr.oculus@1.9.1/Runtime/OculusLoader.cs Line: 249)

Mono: successfully reloaded assembly
- Completed reload, in  1.785 seconds
Platform modules already initialized, skipping
Refreshing native plugins compatible for Editor in 1.40 ms, found 16 plugins.
Preloading 2 native plugins for Editor in 0.23 ms.
Unloading 2849 Unused Serialized files (Serialized files now loaded: 0)
System memory in use before: 148.2 MB.
System memory in use after: 148.4 MB.

Unloading 32 unused Assets to reduce memory usage. Loaded Objects now: 3456.
Total: 3.732300 ms (FindLiveObjects: 0.502700 ms CreateObjectMapping: 0.097000 ms MarkObjects: 3.081200 ms  DeleteObjects: 0.048600 ms)

AssetImportParameters requested are different than current active one (requested -> active):
  custom:framework-win-MediaFoundation: 216162199b28c13a410421893ffa2e32 -> 
  custom:video-decoder-ogg-theora: a1e56fd34408186e4bbccfd4996cb3dc -> 
  custom:container-muxer-webm: aa71ff27fc2769a1b78a27578f13a17b -> 
  custom:container-demuxer-webm: 4f35f7cbe854078d1ac9338744f61a02 -> 
  custom:container-demuxer-ogg: 62fdf1f143b41e24485cea50d1cbac27 -> 
  custom:video-encoder-webm-vp8: eb34c28f22e8b96e1ab97ce403110664 -> 
  custom:video-decoder-webm-vp8: 9c59270c3fd7afecdb556c50c9e8de78 -> 
  custom:audio-decoder-ogg-vorbis: bf7c407c2cedff20999df2af8eb42d56 -> 
  custom:audio-encoder-webm-vorbis: bf7c407c2cedff20999df2af8eb42d56 -> 
========================================================================
Received Prepare
Registering precompiled user dll's ...
Registered in 0.014403 seconds.
Begin MonoManager ReloadAssembly
Native extension for WindowsStandalone target not found
Refreshing native plugins compatible for Editor in 1.34 ms, found 16 plugins.
Preloading 2 native plugins for Editor in 0.20 ms.
NullReferenceException: Object reference not set to an instance of an object
  at Unity.XR.Oculus.OculusLoader.AssetPathToAbsolutePath (System.String assetPath) [0x00048] in C:\Users\VRguy\Documents\GitHub\VRJam21\Library\PackageCache\com.unity.xr.oculus@1.9.1\Runtime\OculusLoader.cs:249 
  at Unity.XR.Oculus.OculusLoader.EditorLoadOVRPlugin () [0x0007b] in C:\Users\VRguy\Documents\GitHub\VRJam21\Library\PackageCache\com.unity.xr.oculus@1.9.1\Runtime\OculusLoader.cs:234 

(Filename: Library/PackageCache/com.unity.xr.oculus@1.9.1/Runtime/OculusLoader.cs Line: 249)

Mono: successfully reloaded assembly
- Completed reload, in  1.405 seconds
Platform modules already initialized, skipping
Refreshing native plugins compatible for Editor in 1.62 ms, found 16 plugins.
Preloading 2 native plugins for Editor in 0.22 ms.
Unloading 2849 Unused Serialized files (Serialized files now loaded: 0)
System memory in use before: 148.2 MB.
System memory in use after: 148.5 MB.

Unloading 32 unused Assets to reduce memory usage. Loaded Objects now: 3459.
Total: 3.821600 ms (FindLiveObjects: 0.473900 ms CreateObjectMapping: 0.107400 ms MarkObjects: 3.208300 ms  DeleteObjects: 0.029800 ms)

AssetImportParameters requested are different than current active one (requested -> active):
  custom:framework-win-MediaFoundation: 216162199b28c13a410421893ffa2e32 -> 
  custom:video-decoder-ogg-theora: a1e56fd34408186e4bbccfd4996cb3dc -> 
  custom:container-muxer-webm: aa71ff27fc2769a1b78a27578f13a17b -> 
  custom:container-demuxer-webm: 4f35f7cbe854078d1ac9338744f61a02 -> 
  custom:container-demuxer-ogg: 62fdf1f143b41e24485cea50d1cbac27 -> 
  custom:video-encoder-webm-vp8: eb34c28f22e8b96e1ab97ce403110664 -> 
  custom:video-decoder-webm-vp8: 9c59270c3fd7afecdb556c50c9e8de78 -> 
  custom:audio-decoder-ogg-vorbis: bf7c407c2cedff20999df2af8eb42d56 -> 
  custom:audio-encoder-webm-vorbis: bf7c407c2cedff20999df2af8eb42d56 -> 
========================================================================
Received Prepare
Registering precompiled user dll's ...
Registered in 0.014437 seconds.
Begin MonoManager ReloadAssembly
Native extension for WindowsStandalone target not found
Refreshing native plugins compatible for Editor in 1.29 ms, found 16 plugins.
Preloading 2 native plugins for Editor in 0.22 ms.
NullReferenceException: Object reference not set to an instance of an object
  at Unity.XR.Oculus.OculusLoader.AssetPathToAbsolutePath (System.String assetPath) [0x00048] in C:\Users\VRguy\Documents\GitHub\VRJam21\Library\PackageCache\com.unity.xr.oculus@1.9.1\Runtime\OculusLoader.cs:249 
  at Unity.XR.Oculus.OculusLoader.EditorLoadOVRPlugin () [0x0007b] in C:\Users\VRguy\Documents\GitHub\VRJam21\Library\PackageCache\com.unity.xr.oculus@1.9.1\Runtime\OculusLoader.cs:234 

(Filename: Library/PackageCache/com.unity.xr.oculus@1.9.1/Runtime/OculusLoader.cs Line: 249)

Mono: successfully reloaded assembly
- Completed reload, in  1.396 seconds
Platform modules already initialized, skipping
Refreshing native plugins compatible for Editor in 1.70 ms, found 16 plugins.
Preloading 2 native plugins for Editor in 0.22 ms.
Unloading 2849 Unused Serialized files (Serialized files now loaded: 0)
System memory in use before: 148.2 MB.
System memory in use after: 148.5 MB.

Unloading 32 unused Assets to reduce memory usage. Loaded Objects now: 3462.
Total: 3.337100 ms (FindLiveObjects: 0.374900 ms CreateObjectMapping: 0.083600 ms MarkObjects: 2.844200 ms  DeleteObjects: 0.033000 ms)

AssetImportParameters requested are different than current active one (requested -> active):
  custom:framework-win-MediaFoundation: 216162199b28c13a410421893ffa2e32 -> 
  custom:video-decoder-ogg-theora: a1e56fd34408186e4bbccfd4996cb3dc -> 
  custom:container-muxer-webm: aa71ff27fc2769a1b78a27578f13a17b -> 
  custom:container-demuxer-webm: 4f35f7cbe854078d1ac9338744f61a02 -> 
  custom:container-demuxer-ogg: 62fdf1f143b41e24485cea50d1cbac27 -> 
  custom:video-encoder-webm-vp8: eb34c28f22e8b96e1ab97ce403110664 -> 
  custom:video-decoder-webm-vp8: 9c59270c3fd7afecdb556c50c9e8de78 -> 
  custom:audio-decoder-ogg-vorbis: bf7c407c2cedff20999df2af8eb42d56 -> 
  custom:audio-encoder-webm-vorbis: bf7c407c2cedff20999df2af8eb42d56 -> 
========================================================================
Received Import Request.
  Time since last request: 2867.728290 seconds.
  path: Assets/Scenes/Sandbox 03.unity
  artifactKey: Guid(1e87327bd504ea749b7e298621013290) Importer(815301076,1909f56bfc062723c751e8b465ee728b)
Start importing Assets/Scenes/Sandbox 03.unity using Guid(1e87327bd504ea749b7e298621013290) Importer(815301076,1909f56bfc062723c751e8b465ee728b)  -> (artifact id: 'b5df68955a8bb2be0e772fc862f45801') in 0.021729 seconds 
  Import took 0.028295 seconds .

========================================================================
Received Import Request.
  Time since last request: 4014.871247 seconds.
  path: Assets/3rd Party Assets/AutoHand/Examples/Prefabs/CartoonHand (No Controller).prefab
  artifactKey: Guid(af906fb9f01df054cb4e2f5e9f33f50e) Importer(815301076,1909f56bfc062723c751e8b465ee728b)
Start importing Assets/3rd Party Assets/AutoHand/Examples/Prefabs/CartoonHand (No Controller).prefab using Guid(af906fb9f01df054cb4e2f5e9f33f50e) Importer(815301076,1909f56bfc062723c751e8b465ee728b)  -> (artifact id: '49f129fa25705fccc60c62ecfc565a95') in 0.418020 seconds 
  Import took 0.429252 seconds .

========================================================================
Received Import Request.
  Time since last request: 0.000240 seconds.
  path: Assets/3rd Party Assets/AutoHand/Examples/Prefabs/Hand (No Controller).prefab
  artifactKey: Guid(ce06f5cc42ac3f64b84722370b7a04d0) Importer(815301076,1909f56bfc062723c751e8b465ee728b)
Start importing Assets/3rd Party Assets/AutoHand/Examples/Prefabs/Hand (No Controller).prefab using Guid(ce06f5cc42ac3f64b84722370b7a04d0) Importer(815301076,1909f56bfc062723c751e8b465ee728b)  -> (artifact id: 'd3ff7a5e75a6380c1c5da4b11df3e4d7') in 0.101700 seconds 
  Import took 0.107163 seconds .

========================================================================
Received Import Request.
  Time since last request: 0.000190 seconds.
  path: Assets/3rd Party Assets/AutoHand/Examples/Prefabs/RobotHand (No Controller).prefab
  artifactKey: Guid(386242486c5972145be957989b61c7df) Importer(815301076,1909f56bfc062723c751e8b465ee728b)
Start importing Assets/3rd Party Assets/AutoHand/Examples/Prefabs/RobotHand (No Controller).prefab using Guid(386242486c5972145be957989b61c7df) Importer(815301076,1909f56bfc062723c751e8b465ee728b)  -> (artifact id: '15d63a66f83f2e30ac2de53cb7f7211f') in 0.394942 seconds 
  Import took 0.400247 seconds .

AssetImportWorkerClient::OnTransportError - code=2 error=End of file
